gcc -std=gnu99 -fopenmp -O0 -o main_O0 main.c
gcc -std=gnu99 -fopenmp -O1 -o main_O1 main.c
gcc -std=gnu99 -fopenmp -O2 -o main_O2 main.c
gcc -std=gnu99 -fopenmp -O2 -march=native -o main_m64 main.c
THREADS: 1
time: 16.819663
=====================================
THREADS: 2
time: 9.231365
=====================================
THREADS: 3
time: 5.575556
=====================================
THREADS: 4
time: 4.301992
=====================================
THREADS: 5
time: 5.443621
=====================================
THREADS: 6
time: 4.823163
=====================================
THREADS: 7
time: 4.570177
=====================================
THREADS: 8
time: 3.987425
=====================================
THREADS: 9
time: 3.704067
=====================================
THREADS: 10
time: 3.799060
=====================================
THREADS: 11
time: 3.652408
=====================================
THREADS: 12
time: 3.555850
=====================================
THREADS: 13
time: 3.785759
=====================================
THREADS: 14
time: 3.599552
=====================================
THREADS: 15
time: 3.356848
=====================================
THREADS: 16
time: 3.536472
=====================================
THREADS: 17
time: 3.337023
=====================================
THREADS: 18
time: 3.304151
=====================================
THREADS: 19
time: 3.353536
=====================================
THREADS: 20
time: 3.455066
=====================================
THREADS: 21
time: 3.434974
=====================================
THREADS: 22
time: 3.271626
=====================================
THREADS: 23
time: 3.413685
=====================================
THREADS: 24
time: 3.350618
=====================================
THREADS: 25
time: 3.415443
=====================================
THREADS: 26
time: 3.309454
=====================================
THREADS: 27
time: 3.340821
=====================================
THREADS: 28
time: 3.277180
=====================================
THREADS: 29
time: 3.301338
=====================================
THREADS: 30
time: 3.270415
=====================================
THREADS: 31
time: 3.413698
=====================================
THREADS: 32
time: 3.278450
=====================================
THREADS: 1
time: 6.758632
=====================================
THREADS: 2
time: 3.312259
=====================================
THREADS: 3
time: 2.286554
=====================================
THREADS: 4
time: 1.798872
=====================================
THREADS: 5
time: 1.960838
=====================================
THREADS: 6
time: 1.905950
=====================================
THREADS: 7
time: 1.763413
=====================================
THREADS: 8
time: 1.737813
=====================================
THREADS: 9
time: 1.581874
=====================================
THREADS: 10
time: 1.553621
=====================================
THREADS: 11
time: 1.347573
=====================================
THREADS: 12
time: 1.345790
=====================================
THREADS: 13
time: 1.245621
=====================================
THREADS: 14
time: 1.367535
=====================================
THREADS: 15
time: 1.412530
=====================================
THREADS: 16
time: 1.289059
=====================================
THREADS: 17
time: 1.273776
=====================================
THREADS: 18
time: 1.226459
=====================================
THREADS: 19
time: 1.299599
=====================================
THREADS: 20
time: 1.232406
=====================================
THREADS: 21
time: 1.308669
=====================================
THREADS: 22
time: 1.315915
=====================================
THREADS: 23
time: 1.246073
=====================================
THREADS: 24
time: 1.280012
=====================================
THREADS: 25
time: 1.231095
=====================================
THREADS: 26
time: 1.253402
=====================================
THREADS: 27
time: 1.232622
=====================================
THREADS: 28
time: 1.227627
=====================================
THREADS: 29
time: 1.259880
=====================================
THREADS: 30
time: 1.254817
=====================================
THREADS: 31
time: 1.205652
=====================================
THREADS: 32
time: 1.203853
=====================================
THREADS: 1
time: 2.207661
=====================================
THREADS: 2
time: 1.261436
=====================================
THREADS: 3
time: 0.898873
=====================================
THREADS: 4
time: 0.960046
=====================================
THREADS: 5
time: 0.811842
=====================================
THREADS: 6
time: 0.749409
=====================================
THREADS: 7
time: 0.642367
=====================================
THREADS: 8
time: 0.582113
=====================================
THREADS: 9
time: 0.632296
=====================================
THREADS: 10
time: 0.600362
=====================================
THREADS: 11
time: 0.547372
=====================================
THREADS: 12
time: 0.563644
=====================================
THREADS: 13
time: 0.545142
=====================================
THREADS: 14
time: 0.522852
=====================================
THREADS: 15
time: 0.497567
=====================================
THREADS: 16
time: 0.493901
=====================================
THREADS: 17
time: 0.515430
=====================================
THREADS: 18
time: 0.473772
=====================================
THREADS: 19
time: 0.471850
=====================================
THREADS: 20
time: 0.477707
=====================================
THREADS: 21
time: 0.452542
=====================================
THREADS: 22
time: 0.446499
=====================================
THREADS: 23
time: 0.450324
=====================================
THREADS: 24
time: 0.445331
=====================================
THREADS: 25
time: 0.434009
=====================================
THREADS: 26
time: 0.431858
=====================================
THREADS: 27
time: 0.445837
=====================================
THREADS: 28
time: 0.471779
=====================================
THREADS: 29
time: 0.465538
=====================================
THREADS: 30
time: 0.472104
=====================================
THREADS: 31
time: 0.471734
=====================================
THREADS: 32
time: 0.464263
=====================================
THREADS: 1
time: 2.348492
=====================================
THREADS: 2
time: 1.416754
=====================================
THREADS: 3
time: 1.001685
=====================================
THREADS: 4
time: 0.717455
=====================================
THREADS: 5
time: 0.776974
=====================================
THREADS: 6
time: 0.756701
=====================================
THREADS: 7
time: 0.663556
=====================================
THREADS: 8
time: 0.586211
=====================================
THREADS: 9
time: 0.529715
=====================================
THREADS: 10
time: 0.552144
=====================================
THREADS: 11
time: 0.518224
=====================================
THREADS: 12
time: 0.499051
=====================================
THREADS: 13
time: 0.491056
=====================================
THREADS: 14
time: 0.492935
=====================================
THREADS: 15
time: 0.493375
=====================================
THREADS: 16
time: 0.506398
=====================================
THREADS: 17
time: 0.498053
=====================================
THREADS: 18
time: 0.479056
=====================================
THREADS: 19
time: 0.479128
=====================================
THREADS: 20
time: 0.479269
=====================================
THREADS: 21
time: 0.452913
=====================================
THREADS: 22
time: 0.471186
=====================================
THREADS: 23
time: 0.461605
=====================================
THREADS: 24
time: 0.443303
=====================================
THREADS: 25
time: 0.456199
=====================================
THREADS: 26
time: 0.462966
=====================================
THREADS: 27
time: 0.447748
=====================================
THREADS: 28
time: 0.432926
=====================================
THREADS: 29
time: 0.433875
=====================================
THREADS: 30
time: 0.448722
=====================================
THREADS: 31
time: 0.457172
=====================================
THREADS: 32
time: 0.459479
=====================================
b19
