--------------------------------------------------------------------------
WARNING: It appears that your OpenFabrics subsystem is configured to only
allow registering part of your physical memory.  This can cause MPI jobs to
run with erratic performance, hang, and/or crash.

This may be caused by your OpenFabrics vendor limiting the amount of
physical memory that can be registered.  You should investigate the
relevant Linux kernel module parameters that control how much physical
memory can be registered, and increase them to allow registering all
physical memory on your machine.

See this Open MPI FAQ item for more information on these Linux kernel module
parameters:

    http://www.open-mpi.org/faq/?category=openfabrics#ib-locked-pages

  Local host:              b3
  Registerable memory:     32768 MiB
  Total memory:            128899 MiB

Your MPI job will continue, but may be behave poorly and/or hang.
--------------------------------------------------------------------------
[b3.mipt:02226] 1 more process has sent help message help-mpi-btl-openib.txt / reg mem limit low
[b3.mipt:02226] Set MCA parameter "orte_base_help_aggregate" to 0 to see all help / error messages
time: 28.573809
MPI processes: 2
--------------------------------------------------------------------------
WARNING: It appears that your OpenFabrics subsystem is configured to only
allow registering part of your physical memory.  This can cause MPI jobs to
run with erratic performance, hang, and/or crash.

This may be caused by your OpenFabrics vendor limiting the amount of
physical memory that can be registered.  You should investigate the
relevant Linux kernel module parameters that control how much physical
memory can be registered, and increase them to allow registering all
physical memory on your machine.

See this Open MPI FAQ item for more information on these Linux kernel module
parameters:

    http://www.open-mpi.org/faq/?category=openfabrics#ib-locked-pages

  Local host:              b3
  Registerable memory:     32768 MiB
  Total memory:            128899 MiB

Your MPI job will continue, but may be behave poorly and/or hang.
--------------------------------------------------------------------------
[b3.mipt:02265] 2 more processes have sent help message help-mpi-btl-openib.txt / reg mem limit low
[b3.mipt:02265] Set MCA parameter "orte_base_help_aggregate" to 0 to see all help / error messages
time: 14.457234
MPI processes: 3
--------------------------------------------------------------------------
WARNING: It appears that your OpenFabrics subsystem is configured to only
allow registering part of your physical memory.  This can cause MPI jobs to
run with erratic performance, hang, and/or crash.

This may be caused by your OpenFabrics vendor limiting the amount of
physical memory that can be registered.  You should investigate the
relevant Linux kernel module parameters that control how much physical
memory can be registered, and increase them to allow registering all
physical memory on your machine.

See this Open MPI FAQ item for more information on these Linux kernel module
parameters:

    http://www.open-mpi.org/faq/?category=openfabrics#ib-locked-pages

  Local host:              b3
  Registerable memory:     32768 MiB
  Total memory:            128899 MiB

Your MPI job will continue, but may be behave poorly and/or hang.
--------------------------------------------------------------------------
[b3.mipt:02303] 3 more processes have sent help message help-mpi-btl-openib.txt / reg mem limit low
[b3.mipt:02303] Set MCA parameter "orte_base_help_aggregate" to 0 to see all help / error messages
time: 9.625920
MPI processes: 4
--------------------------------------------------------------------------
WARNING: It appears that your OpenFabrics subsystem is configured to only
allow registering part of your physical memory.  This can cause MPI jobs to
run with erratic performance, hang, and/or crash.

This may be caused by your OpenFabrics vendor limiting the amount of
physical memory that can be registered.  You should investigate the
relevant Linux kernel module parameters that control how much physical
memory can be registered, and increase them to allow registering all
physical memory on your machine.

See this Open MPI FAQ item for more information on these Linux kernel module
parameters:

    http://www.open-mpi.org/faq/?category=openfabrics#ib-locked-pages

  Local host:              b3
  Registerable memory:     32768 MiB
  Total memory:            128899 MiB

Your MPI job will continue, but may be behave poorly and/or hang.
--------------------------------------------------------------------------
[b3.mipt:02340] 4 more processes have sent help message help-mpi-btl-openib.txt / reg mem limit low
[b3.mipt:02340] Set MCA parameter "orte_base_help_aggregate" to 0 to see all help / error messages
time: 7.285744
MPI processes: 5
--------------------------------------------------------------------------
WARNING: It appears that your OpenFabrics subsystem is configured to only
allow registering part of your physical memory.  This can cause MPI jobs to
run with erratic performance, hang, and/or crash.

This may be caused by your OpenFabrics vendor limiting the amount of
physical memory that can be registered.  You should investigate the
relevant Linux kernel module parameters that control how much physical
memory can be registered, and increase them to allow registering all
physical memory on your machine.

See this Open MPI FAQ item for more information on these Linux kernel module
parameters:

    http://www.open-mpi.org/faq/?category=openfabrics#ib-locked-pages

  Local host:              b3
  Registerable memory:     32768 MiB
  Total memory:            128899 MiB

Your MPI job will continue, but may be behave poorly and/or hang.
--------------------------------------------------------------------------
[b3.mipt:02378] 5 more processes have sent help message help-mpi-btl-openib.txt / reg mem limit low
[b3.mipt:02378] Set MCA parameter "orte_base_help_aggregate" to 0 to see all help / error messages
time: 5.904825
MPI processes: 6
--------------------------------------------------------------------------
WARNING: It appears that your OpenFabrics subsystem is configured to only
allow registering part of your physical memory.  This can cause MPI jobs to
run with erratic performance, hang, and/or crash.

This may be caused by your OpenFabrics vendor limiting the amount of
physical memory that can be registered.  You should investigate the
relevant Linux kernel module parameters that control how much physical
memory can be registered, and increase them to allow registering all
physical memory on your machine.

See this Open MPI FAQ item for more information on these Linux kernel module
parameters:

    http://www.open-mpi.org/faq/?category=openfabrics#ib-locked-pages

  Local host:              b3
  Registerable memory:     32768 MiB
  Total memory:            128899 MiB

Your MPI job will continue, but may be behave poorly and/or hang.
--------------------------------------------------------------------------
[b3.mipt:02416] 6 more processes have sent help message help-mpi-btl-openib.txt / reg mem limit low
[b3.mipt:02416] Set MCA parameter "orte_base_help_aggregate" to 0 to see all help / error messages
time: 4.983122
MPI processes: 7
--------------------------------------------------------------------------
WARNING: It appears that your OpenFabrics subsystem is configured to only
allow registering part of your physical memory.  This can cause MPI jobs to
run with erratic performance, hang, and/or crash.

This may be caused by your OpenFabrics vendor limiting the amount of
physical memory that can be registered.  You should investigate the
relevant Linux kernel module parameters that control how much physical
memory can be registered, and increase them to allow registering all
physical memory on your machine.

See this Open MPI FAQ item for more information on these Linux kernel module
parameters:

    http://www.open-mpi.org/faq/?category=openfabrics#ib-locked-pages

  Local host:              b3
  Registerable memory:     32768 MiB
  Total memory:            128899 MiB

Your MPI job will continue, but may be behave poorly and/or hang.
--------------------------------------------------------------------------
time: 4.252572
MPI processes: 8
--------------------------------------------------------------------------
WARNING: It appears that your OpenFabrics subsystem is configured to only
allow registering part of your physical memory.  This can cause MPI jobs to
run with erratic performance, hang, and/or crash.

This may be caused by your OpenFabrics vendor limiting the amount of
physical memory that can be registered.  You should investigate the
relevant Linux kernel module parameters that control how much physical
memory can be registered, and increase them to allow registering all
physical memory on your machine.

See this Open MPI FAQ item for more information on these Linux kernel module
parameters:

    http://www.open-mpi.org/faq/?category=openfabrics#ib-locked-pages

  Local host:              b5
  Registerable memory:     32768 MiB
  Total memory:            128899 MiB

Your MPI job will continue, but may be behave poorly and/or hang.
--------------------------------------------------------------------------
time: 3.918217
MPI processes: 9
b3
