--------------------------------------------------------------------------
WARNING: It appears that your OpenFabrics subsystem is configured to only
allow registering part of your physical memory.  This can cause MPI jobs to
run with erratic performance, hang, and/or crash.

This may be caused by your OpenFabrics vendor limiting the amount of
physical memory that can be registered.  You should investigate the
relevant Linux kernel module parameters that control how much physical
memory can be registered, and increase them to allow registering all
physical memory on your machine.

See this Open MPI FAQ item for more information on these Linux kernel module
parameters:

    http://www.open-mpi.org/faq/?category=openfabrics#ib-locked-pages

  Local host:              b1
  Registerable memory:     32768 MiB
  Total memory:            128899 MiB

Your MPI job will continue, but may be behave poorly and/or hang.
--------------------------------------------------------------------------
[b1.mipt:03878] 1 more process has sent help message help-mpi-btl-openib.txt / reg mem limit low
[b1.mipt:03878] Set MCA parameter "orte_base_help_aggregate" to 0 to see all help / error messages
time: 35.091850
MPI processes: 2
--------------------------------------------------------------------------
WARNING: It appears that your OpenFabrics subsystem is configured to only
allow registering part of your physical memory.  This can cause MPI jobs to
run with erratic performance, hang, and/or crash.

This may be caused by your OpenFabrics vendor limiting the amount of
physical memory that can be registered.  You should investigate the
relevant Linux kernel module parameters that control how much physical
memory can be registered, and increase them to allow registering all
physical memory on your machine.

See this Open MPI FAQ item for more information on these Linux kernel module
parameters:

    http://www.open-mpi.org/faq/?category=openfabrics#ib-locked-pages

  Local host:              b1
  Registerable memory:     32768 MiB
  Total memory:            128899 MiB

Your MPI job will continue, but may be behave poorly and/or hang.
--------------------------------------------------------------------------
[b1.mipt:03905] 2 more processes have sent help message help-mpi-btl-openib.txt / reg mem limit low
[b1.mipt:03905] Set MCA parameter "orte_base_help_aggregate" to 0 to see all help / error messages
time: 17.538399
MPI processes: 3
--------------------------------------------------------------------------
WARNING: It appears that your OpenFabrics subsystem is configured to only
allow registering part of your physical memory.  This can cause MPI jobs to
run with erratic performance, hang, and/or crash.

This may be caused by your OpenFabrics vendor limiting the amount of
physical memory that can be registered.  You should investigate the
relevant Linux kernel module parameters that control how much physical
memory can be registered, and increase them to allow registering all
physical memory on your machine.

See this Open MPI FAQ item for more information on these Linux kernel module
parameters:

    http://www.open-mpi.org/faq/?category=openfabrics#ib-locked-pages

  Local host:              b1
  Registerable memory:     32768 MiB
  Total memory:            128899 MiB

Your MPI job will continue, but may be behave poorly and/or hang.
--------------------------------------------------------------------------
[b1.mipt:03941] 3 more processes have sent help message help-mpi-btl-openib.txt / reg mem limit low
[b1.mipt:03941] Set MCA parameter "orte_base_help_aggregate" to 0 to see all help / error messages
time: 11.703911
MPI processes: 4
--------------------------------------------------------------------------
WARNING: It appears that your OpenFabrics subsystem is configured to only
allow registering part of your physical memory.  This can cause MPI jobs to
run with erratic performance, hang, and/or crash.

This may be caused by your OpenFabrics vendor limiting the amount of
physical memory that can be registered.  You should investigate the
relevant Linux kernel module parameters that control how much physical
memory can be registered, and increase them to allow registering all
physical memory on your machine.

See this Open MPI FAQ item for more information on these Linux kernel module
parameters:

    http://www.open-mpi.org/faq/?category=openfabrics#ib-locked-pages

  Local host:              b1
  Registerable memory:     32768 MiB
  Total memory:            128899 MiB

Your MPI job will continue, but may be behave poorly and/or hang.
--------------------------------------------------------------------------
[b1.mipt:03988] 4 more processes have sent help message help-mpi-btl-openib.txt / reg mem limit low
[b1.mipt:03988] Set MCA parameter "orte_base_help_aggregate" to 0 to see all help / error messages
time: 8.958182
MPI processes: 5
--------------------------------------------------------------------------
WARNING: It appears that your OpenFabrics subsystem is configured to only
allow registering part of your physical memory.  This can cause MPI jobs to
run with erratic performance, hang, and/or crash.

This may be caused by your OpenFabrics vendor limiting the amount of
physical memory that can be registered.  You should investigate the
relevant Linux kernel module parameters that control how much physical
memory can be registered, and increase them to allow registering all
physical memory on your machine.

See this Open MPI FAQ item for more information on these Linux kernel module
parameters:

    http://www.open-mpi.org/faq/?category=openfabrics#ib-locked-pages

  Local host:              b1
  Registerable memory:     32768 MiB
  Total memory:            128899 MiB

Your MPI job will continue, but may be behave poorly and/or hang.
--------------------------------------------------------------------------
[b1.mipt:04047] 5 more processes have sent help message help-mpi-btl-openib.txt / reg mem limit low
[b1.mipt:04047] Set MCA parameter "orte_base_help_aggregate" to 0 to see all help / error messages
time: 7.046230
MPI processes: 6
--------------------------------------------------------------------------
WARNING: It appears that your OpenFabrics subsystem is configured to only
allow registering part of your physical memory.  This can cause MPI jobs to
run with erratic performance, hang, and/or crash.

This may be caused by your OpenFabrics vendor limiting the amount of
physical memory that can be registered.  You should investigate the
relevant Linux kernel module parameters that control how much physical
memory can be registered, and increase them to allow registering all
physical memory on your machine.

See this Open MPI FAQ item for more information on these Linux kernel module
parameters:

    http://www.open-mpi.org/faq/?category=openfabrics#ib-locked-pages

  Local host:              b1
  Registerable memory:     32768 MiB
  Total memory:            128899 MiB

Your MPI job will continue, but may be behave poorly and/or hang.
--------------------------------------------------------------------------
[b1.mipt:04119] 6 more processes have sent help message help-mpi-btl-openib.txt / reg mem limit low
[b1.mipt:04119] Set MCA parameter "orte_base_help_aggregate" to 0 to see all help / error messages
time: 6.678849
MPI processes: 7
--------------------------------------------------------------------------
WARNING: It appears that your OpenFabrics subsystem is configured to only
allow registering part of your physical memory.  This can cause MPI jobs to
run with erratic performance, hang, and/or crash.

This may be caused by your OpenFabrics vendor limiting the amount of
physical memory that can be registered.  You should investigate the
relevant Linux kernel module parameters that control how much physical
memory can be registered, and increase them to allow registering all
physical memory on your machine.

See this Open MPI FAQ item for more information on these Linux kernel module
parameters:

    http://www.open-mpi.org/faq/?category=openfabrics#ib-locked-pages

  Local host:              b1
  Registerable memory:     32768 MiB
  Total memory:            128899 MiB

Your MPI job will continue, but may be behave poorly and/or hang.
--------------------------------------------------------------------------
[b1.mipt:04202] 7 more processes have sent help message help-mpi-btl-openib.txt / reg mem limit low
[b1.mipt:04202] Set MCA parameter "orte_base_help_aggregate" to 0 to see all help / error messages
time: 6.532252
MPI processes: 8
--------------------------------------------------------------------------
WARNING: It appears that your OpenFabrics subsystem is configured to only
allow registering part of your physical memory.  This can cause MPI jobs to
run with erratic performance, hang, and/or crash.

This may be caused by your OpenFabrics vendor limiting the amount of
physical memory that can be registered.  You should investigate the
relevant Linux kernel module parameters that control how much physical
memory can be registered, and increase them to allow registering all
physical memory on your machine.

See this Open MPI FAQ item for more information on these Linux kernel module
parameters:

    http://www.open-mpi.org/faq/?category=openfabrics#ib-locked-pages

  Local host:              b1
  Registerable memory:     32768 MiB
  Total memory:            128899 MiB

Your MPI job will continue, but may be behave poorly and/or hang.
--------------------------------------------------------------------------
[b1.mipt:04297] 8 more processes have sent help message help-mpi-btl-openib.txt / reg mem limit low
[b1.mipt:04297] Set MCA parameter "orte_base_help_aggregate" to 0 to see all help / error messages
time: 6.145475
MPI processes: 9
b1
