--------------------------------------------------------------------------
WARNING: It appears that your OpenFabrics subsystem is configured to only
allow registering part of your physical memory.  This can cause MPI jobs to
run with erratic performance, hang, and/or crash.

This may be caused by your OpenFabrics vendor limiting the amount of
physical memory that can be registered.  You should investigate the
relevant Linux kernel module parameters that control how much physical
memory can be registered, and increase them to allow registering all
physical memory on your machine.

See this Open MPI FAQ item for more information on these Linux kernel module
parameters:

    http://www.open-mpi.org/faq/?category=openfabrics#ib-locked-pages

  Local host:              b3
  Registerable memory:     32768 MiB
  Total memory:            128899 MiB

Your MPI job will continue, but may be behave poorly and/or hang.
--------------------------------------------------------------------------
[b3.mipt:03725] 1 more process has sent help message help-mpi-btl-openib.txt / reg mem limit low
[b3.mipt:03725] Set MCA parameter "orte_base_help_aggregate" to 0 to see all help / error messages
time: 28.626649
MPI processes: 2
--------------------------------------------------------------------------
WARNING: It appears that your OpenFabrics subsystem is configured to only
allow registering part of your physical memory.  This can cause MPI jobs to
run with erratic performance, hang, and/or crash.

This may be caused by your OpenFabrics vendor limiting the amount of
physical memory that can be registered.  You should investigate the
relevant Linux kernel module parameters that control how much physical
memory can be registered, and increase them to allow registering all
physical memory on your machine.

See this Open MPI FAQ item for more information on these Linux kernel module
parameters:

    http://www.open-mpi.org/faq/?category=openfabrics#ib-locked-pages

  Local host:              b3
  Registerable memory:     32768 MiB
  Total memory:            128899 MiB

Your MPI job will continue, but may be behave poorly and/or hang.
--------------------------------------------------------------------------
[b3.mipt:03761] 2 more processes have sent help message help-mpi-btl-openib.txt / reg mem limit low
[b3.mipt:03761] Set MCA parameter "orte_base_help_aggregate" to 0 to see all help / error messages
time: 14.495153
MPI processes: 3
--------------------------------------------------------------------------
WARNING: It appears that your OpenFabrics subsystem is configured to only
allow registering part of your physical memory.  This can cause MPI jobs to
run with erratic performance, hang, and/or crash.

This may be caused by your OpenFabrics vendor limiting the amount of
physical memory that can be registered.  You should investigate the
relevant Linux kernel module parameters that control how much physical
memory can be registered, and increase them to allow registering all
physical memory on your machine.

See this Open MPI FAQ item for more information on these Linux kernel module
parameters:

    http://www.open-mpi.org/faq/?category=openfabrics#ib-locked-pages

  Local host:              b3
  Registerable memory:     32768 MiB
  Total memory:            128899 MiB

Your MPI job will continue, but may be behave poorly and/or hang.
--------------------------------------------------------------------------
[b3.mipt:03797] 3 more processes have sent help message help-mpi-btl-openib.txt / reg mem limit low
[b3.mipt:03797] Set MCA parameter "orte_base_help_aggregate" to 0 to see all help / error messages
time: 9.688983
MPI processes: 4
--------------------------------------------------------------------------
WARNING: It appears that your OpenFabrics subsystem is configured to only
allow registering part of your physical memory.  This can cause MPI jobs to
run with erratic performance, hang, and/or crash.

This may be caused by your OpenFabrics vendor limiting the amount of
physical memory that can be registered.  You should investigate the
relevant Linux kernel module parameters that control how much physical
memory can be registered, and increase them to allow registering all
physical memory on your machine.

See this Open MPI FAQ item for more information on these Linux kernel module
parameters:

    http://www.open-mpi.org/faq/?category=openfabrics#ib-locked-pages

  Local host:              b3
  Registerable memory:     32768 MiB
  Total memory:            128899 MiB

Your MPI job will continue, but may be behave poorly and/or hang.
--------------------------------------------------------------------------
[b3.mipt:03832] 4 more processes have sent help message help-mpi-btl-openib.txt / reg mem limit low
[b3.mipt:03832] Set MCA parameter "orte_base_help_aggregate" to 0 to see all help / error messages
time: 7.289306
MPI processes: 5
--------------------------------------------------------------------------
WARNING: It appears that your OpenFabrics subsystem is configured to only
allow registering part of your physical memory.  This can cause MPI jobs to
run with erratic performance, hang, and/or crash.

This may be caused by your OpenFabrics vendor limiting the amount of
physical memory that can be registered.  You should investigate the
relevant Linux kernel module parameters that control how much physical
memory can be registered, and increase them to allow registering all
physical memory on your machine.

See this Open MPI FAQ item for more information on these Linux kernel module
parameters:

    http://www.open-mpi.org/faq/?category=openfabrics#ib-locked-pages

  Local host:              b3
  Registerable memory:     32768 MiB
  Total memory:            128899 MiB

Your MPI job will continue, but may be behave poorly and/or hang.
--------------------------------------------------------------------------
[b3.mipt:03866] 5 more processes have sent help message help-mpi-btl-openib.txt / reg mem limit low
[b3.mipt:03866] Set MCA parameter "orte_base_help_aggregate" to 0 to see all help / error messages
time: 5.879588
MPI processes: 6
--------------------------------------------------------------------------
WARNING: It appears that your OpenFabrics subsystem is configured to only
allow registering part of your physical memory.  This can cause MPI jobs to
run with erratic performance, hang, and/or crash.

This may be caused by your OpenFabrics vendor limiting the amount of
physical memory that can be registered.  You should investigate the
relevant Linux kernel module parameters that control how much physical
memory can be registered, and increase them to allow registering all
physical memory on your machine.

See this Open MPI FAQ item for more information on these Linux kernel module
parameters:

    http://www.open-mpi.org/faq/?category=openfabrics#ib-locked-pages

  Local host:              b3
  Registerable memory:     32768 MiB
  Total memory:            128899 MiB

Your MPI job will continue, but may be behave poorly and/or hang.
--------------------------------------------------------------------------
[b3.mipt:03901] 6 more processes have sent help message help-mpi-btl-openib.txt / reg mem limit low
[b3.mipt:03901] Set MCA parameter "orte_base_help_aggregate" to 0 to see all help / error messages
time: 5.733722
MPI processes: 7
--------------------------------------------------------------------------
WARNING: It appears that your OpenFabrics subsystem is configured to only
allow registering part of your physical memory.  This can cause MPI jobs to
run with erratic performance, hang, and/or crash.

This may be caused by your OpenFabrics vendor limiting the amount of
physical memory that can be registered.  You should investigate the
relevant Linux kernel module parameters that control how much physical
memory can be registered, and increase them to allow registering all
physical memory on your machine.

See this Open MPI FAQ item for more information on these Linux kernel module
parameters:

    http://www.open-mpi.org/faq/?category=openfabrics#ib-locked-pages

  Local host:              b3
  Registerable memory:     32768 MiB
  Total memory:            128899 MiB

Your MPI job will continue, but may be behave poorly and/or hang.
--------------------------------------------------------------------------
time: 4.785419
[b3.mipt:03936] 7 more processes have sent help message help-mpi-btl-openib.txt / reg mem limit low
[b3.mipt:03936] Set MCA parameter "orte_base_help_aggregate" to 0 to see all help / error messages
MPI processes: 8
--------------------------------------------------------------------------
WARNING: It appears that your OpenFabrics subsystem is configured to only
allow registering part of your physical memory.  This can cause MPI jobs to
run with erratic performance, hang, and/or crash.

This may be caused by your OpenFabrics vendor limiting the amount of
physical memory that can be registered.  You should investigate the
relevant Linux kernel module parameters that control how much physical
memory can be registered, and increase them to allow registering all
physical memory on your machine.

See this Open MPI FAQ item for more information on these Linux kernel module
parameters:

    http://www.open-mpi.org/faq/?category=openfabrics#ib-locked-pages

  Local host:              b3
  Registerable memory:     32768 MiB
  Total memory:            128899 MiB

Your MPI job will continue, but may be behave poorly and/or hang.
--------------------------------------------------------------------------
time: 4.220599
MPI processes: 9
b3
